Passport created successfully: 2025-04-26 17:37:44
ID: 6
Passport Number: asadsfdsf
Passport created successfully: 2025-04-27 05:11:43
ID: 7
Passport Number: 22564561
Passport created successfully: 2025-05-06 18:04:46
ID: 8
Passport Number: 165166541
Passport created successfully: 2025-05-12 15:04:08
ID: 9
Passport Number: asdsaf
Passport created successfully: 2025-05-12 15:55:33
ID: 10
Passport Number: asdsadsd
Passport created successfully: 2025-05-12 17:21:36
ID: 11
Passport Number: 21321656
Passport created successfully: 2025-05-12 17:28:04
ID: 12
Passport Number: dasdasd
Passport created successfully: 2025-05-12 17:50:21
ID: 13
Passport Number: dsfafd
