Passport API request received: 2025-04-26 13:15:24
Method: POST
Content-Type: multipart/form-data; boundary=----geckoformboundarydd36ce191eeb11ea3709b59988d00cf1
POST data: Array
(
    [full_name] => dsafdsf
    [nationality] => العراق
    [passport_number] => aadfasfd
    [date_of_birth] => 2025-04-08
    [residence_expiry_date] => 2025-04-29
    [phone_number] => 12341234134
    [mobile_number] => 1234143214
    [passport_status] => قيد الانجاز
    [passport_delivery_date] => 2025-05-05
    [transaction_type] => تمديد فيزا
    [payment_status] => paid
    [address] => daf dsf a
    [zipcode] => 
    [delivered_by] => adsf sdf
    [unique_code] => PC-250426-HNP33U-5546
    [sponsor_name] => 
    [relationship] => 
    [extension_reason] => 
    [barcode] => 
    [signature_data] => 
    [no_signature] => false
    [no_signature_reason] => 
    [email] => hs@gmail.com
)

FILES data: Array
(
    [personal_photo] => Array
        (
            [name] =>  -2.jpg
            [full_path] =>  -2.jpg
            [type] => image/jpeg
            [tmp_name] => /Applications/MAMP/tmp/php/phpgKh0TV
            [error] => 0
            [size] => 116657
        )

    [passport_photo] => Array
        (
            [name] =>  -2.jpg
            [full_path] =>  -2.jpg
            [type] => image/jpeg
            [tmp_name] => /Applications/MAMP/tmp/php/phpEgN4Eo
            [error] => 0
            [size] => 116657
        )

)

Passport API request received: 2025-04-26 17:06:05
Method: POST
Content-Type: multipart/form-data; boundary=----WebKitFormBoundaryPludjtnyzIA95wiW
POST data: Array
(
    [full_name] => adsfsafdsf
    [nationality] => سوریه
    [passport_number] => a123412312
    [date_of_birth] => 2025-04-08
    [residence_expiry_date] => 2025-04-29
    [phone_number] => 09011771008
    [mobile_number] => 04546565456
    [passport_status] => قيد الانجاز
    [passport_delivery_date] => 2025-04-28
    [transaction_type] => خروج قطعي
    [payment_status] => pending
    [address] => sdafasdfa
    [zipcode] => 
    [delivered_by] => dsfadf as
    [unique_code] => PC-250426-7LQTL8-4328
    [sponsor_name] => 
    [relationship] => 
    [extension_reason] => 
    [barcode] => 
    [signature_data] => 
    [no_signature] => false
    [no_signature_reason] => 
    [email] => hs@gmail.com
)

FILES data: Array
(
    [personal_photo] => Array
        (
            [name] => WhatsApp Image 2025-01-02 at 2.05.13 PM.jpeg
            [full_path] => WhatsApp Image 2025-01-02 at 2.05.13 PM.jpeg
            [type] => image/jpeg
            [tmp_name] => C:\Users\محمد حسن الخزاعى\AppData\Local\Temp\phpB8DB.tmp
            [error] => 0
            [size] => 343421
        )

    [passport_photo] => Array
        (
            [name] => WhatsApp Image 2025-01-02 at 2.05.13 PM.jpeg
            [full_path] => WhatsApp Image 2025-01-02 at 2.05.13 PM.jpeg
            [type] => image/jpeg
            [tmp_name] => C:\Users\محمد حسن الخزاعى\AppData\Local\Temp\phpB8DC.tmp
            [error] => 0
            [size] => 343421
        )

)

Passport API request received: 2025-04-26 17:16:24
Method: POST
Content-Type: multipart/form-data; boundary=----WebKitFormBoundaryFcAvAMCuMAlSIdHe
POST data: Array
(
    [full_name] => asdasdasdsa
    [nationality] => امریکا
    [passport_number] => asdadasasd
    [date_of_birth] => 2025-04-15
    [residence_expiry_date] => 2025-05-13
    [phone_number] => 04546565456
    [mobile_number] => 04546565456
    [passport_status] => قيد الانجاز
    [passport_delivery_date] => 2025-05-04
    [transaction_type] => تمديد فيزا
    [payment_status] => pending
    [address] => sdadas
    [zipcode] => 
    [delivered_by] => adsadad
    [unique_code] => PC-250426-CG2V54-6905
    [sponsor_name] => 
    [relationship] => 
    [extension_reason] => 
    [barcode] => 
    [signature_data] => 
    [no_signature] => false
    [no_signature_reason] => 
    [email] => hs@gmail.com
)

FILES data: Array
(
    [personal_photo] => Array
        (
            [name] => WhatsApp Image 2025-01-02 at 2.05.13 PM.jpeg
            [full_path] => WhatsApp Image 2025-01-02 at 2.05.13 PM.jpeg
            [type] => image/jpeg
            [tmp_name] => C:\Users\محمد حسن الخزاعى\AppData\Local\Temp\php27E5.tmp
            [error] => 0
            [size] => 343421
        )

    [passport_photo] => Array
        (
            [name] => WhatsApp Image 2025-01-02 at 2.05.13 PM.jpeg
            [full_path] => WhatsApp Image 2025-01-02 at 2.05.13 PM.jpeg
            [type] => image/jpeg
            [tmp_name] => C:\Users\محمد حسن الخزاعى\AppData\Local\Temp\php27E6.tmp
            [error] => 0
            [size] => 343421
        )

)

Passport API request received: 2025-04-26 17:18:37
Method: POST
Content-Type: multipart/form-data; boundary=----WebKitFormBoundaryNAAF4tiHaEnFwwAz
POST data: Array
(
    [full_name] => asdfadfaf
    [nationality] => لبنان
    [passport_number] => sadfdfsdf
    [date_of_birth] => 2025-04-22
    [residence_expiry_date] => 2025-04-30
    [phone_number] => 04546565456
    [mobile_number] => 04546565456
    [passport_status] => قيد الانجاز
    [passport_delivery_date] => 2025-05-04
    [transaction_type] => تمديد فيزا
    [payment_status] => pending
    [address] => adsfsfds
    [zipcode] => 
    [delivered_by] => asdfsfd
    [unique_code] => PC-250426-RLE0SB-3707
    [sponsor_name] => 
    [relationship] => 
    [extension_reason] => 
    [barcode] => 
    [signature_data] => 
    [no_signature] => false
    [no_signature_reason] => 
    [email] => hs@gmail.com
)

FILES data: Array
(
    [personal_photo] => Array
        (
            [name] => WhatsApp Image 2025-01-02 at 2.05.13 PM.jpeg
            [full_path] => WhatsApp Image 2025-01-02 at 2.05.13 PM.jpeg
            [type] => image/jpeg
            [tmp_name] => C:\Users\محمد حسن الخزاعى\AppData\Local\Temp\php327F.tmp
            [error] => 0
            [size] => 343421
        )

    [passport_photo] => Array
        (
            [name] => WhatsApp Image 2025-01-02 at 2.05.13 PM.jpeg
            [full_path] => WhatsApp Image 2025-01-02 at 2.05.13 PM.jpeg
            [type] => image/jpeg
            [tmp_name] => C:\Users\محمد حسن الخزاعى\AppData\Local\Temp\php3280.tmp
            [error] => 0
            [size] => 343421
        )

)

Passport API request received: 2025-04-26 17:21:19
Method: POST
Content-Type: multipart/form-data; boundary=----WebKitFormBoundary4ZFw91obH3hRZBNd
POST data: Array
(
    [full_name] => asdfafd
    [nationality] => سوریه
    [passport_number] => asdfa
    [date_of_birth] => 2025-04-08
    [residence_expiry_date] => 2025-05-13
    [phone_number] => 04546565456
    [mobile_number] => 04546565456
    [passport_status] => قيد الانجاز
    [passport_delivery_date] => 2025-05-10
    [transaction_type] => اصدار اقامه
    [payment_status] => pending
    [address] => dsafdafsd
    [zipcode] => 
    [delivered_by] => sadfasdf
    [unique_code] => PC-250426-7KE0VY-1932
    [sponsor_name] => 
    [relationship] => 
    [extension_reason] => 
    [barcode] => 
    [signature_data] => 
    [no_signature] => false
    [no_signature_reason] => 
    [email] => hs@gmail.com
)

FILES data: Array
(
    [personal_photo] => Array
        (
            [name] => WhatsApp Image 2025-01-02 at 2.05.13 PM.jpeg
            [full_path] => WhatsApp Image 2025-01-02 at 2.05.13 PM.jpeg
            [type] => image/jpeg
            [tmp_name] => C:\Users\محمد حسن الخزاعى\AppData\Local\Temp\phpAAA7.tmp
            [error] => 0
            [size] => 343421
        )

    [passport_photo] => Array
        (
            [name] => WhatsApp Image 2025-01-02 at 2.05.13 PM.jpeg
            [full_path] => WhatsApp Image 2025-01-02 at 2.05.13 PM.jpeg
            [type] => image/jpeg
            [tmp_name] => C:\Users\محمد حسن الخزاعى\AppData\Local\Temp\phpAAA8.tmp
            [error] => 0
            [size] => 343421
        )

)

Passport API request received: 2025-04-26 17:22:04
Method: POST
Content-Type: multipart/form-data; boundary=----WebKitFormBoundaryEfFBDKxBLwrhSvMD
POST data: Array
(
    [full_name] => sdfaf
    [nationality] => لبنان
    [passport_number] => asdats
    [date_of_birth] => 2025-04-08
    [residence_expiry_date] => 2025-04-30
    [phone_number] => 04546565456
    [mobile_number] => 04546565456
    [passport_status] => قيد الانجاز
    [passport_delivery_date] => 2025-05-04
    [transaction_type] => تمديد فيزا
    [payment_status] => pending
    [address] => sdfasfd
    [zipcode] => 
    [delivered_by] => asdfsfd
    [unique_code] => PC-250426-7QNAO5-6130
    [sponsor_name] => 
    [relationship] => 
    [extension_reason] => 
    [barcode] => 
    [signature_data] => 
    [no_signature] => false
    [no_signature_reason] => 
    [email] => hs@gmail.com
)

FILES data: Array
(
    [personal_photo] => Array
        (
            [name] => WhatsApp Image 2025-01-02 at 2.05.13 PM.jpeg
            [full_path] => WhatsApp Image 2025-01-02 at 2.05.13 PM.jpeg
            [type] => image/jpeg
            [tmp_name] => C:\Users\محمد حسن الخزاعى\AppData\Local\Temp\php588E.tmp
            [error] => 0
            [size] => 343421
        )

    [passport_photo] => Array
        (
            [name] => WhatsApp Image 2025-01-02 at 2.05.13 PM.jpeg
            [full_path] => WhatsApp Image 2025-01-02 at 2.05.13 PM.jpeg
            [type] => image/jpeg
            [tmp_name] => C:\Users\محمد حسن الخزاعى\AppData\Local\Temp\php588F.tmp
            [error] => 0
            [size] => 343421
        )

)

Passport API request received: 2025-04-26 17:23:54
Method: POST
Content-Type: multipart/form-data; boundary=----WebKitFormBoundaryASNAn7HY4K6kJiWq
POST data: Array
(
    [full_name] => asdfasdf
    [nationality] => الیمن
    [passport_number] => asdfdsaf
    [date_of_birth] => 2025-04-15
    [residence_expiry_date] => 2025-05-13
    [phone_number] => 09011771008
    [mobile_number] => 09011771008
    [passport_status] => قيد الانجاز
    [passport_delivery_date] => 2025-05-11
    [transaction_type] => أخرى
    [payment_status] => paid
    [address] => sdfafa
    [zipcode] => 
    [delivered_by] => sdfasf
    [unique_code] => PC-250426-8YHIS1-5178
    [sponsor_name] => 
    [relationship] => 
    [extension_reason] => 
    [barcode] => 
    [signature_data] => 
    [no_signature] => false
    [no_signature_reason] => 
    [email] => hs@gmail.com
)

FILES data: Array
(
    [personal_photo] => Array
        (
            [name] => WhatsApp Image 2025-01-02 at 2.05.13 PM.jpeg
            [full_path] => WhatsApp Image 2025-01-02 at 2.05.13 PM.jpeg
            [type] => image/jpeg
            [tmp_name] => C:\Users\محمد حسن الخزاعى\AppData\Local\Temp\php558.tmp
            [error] => 0
            [size] => 343421
        )

    [passport_photo] => Array
        (
            [name] => WhatsApp Image 2025-01-02 at 2.05.13 PM.jpeg
            [full_path] => WhatsApp Image 2025-01-02 at 2.05.13 PM.jpeg
            [type] => image/jpeg
            [tmp_name] => C:\Users\محمد حسن الخزاعى\AppData\Local\Temp\php559.tmp
            [error] => 0
            [size] => 343421
        )

)

Passport API request received: 2025-04-26 17:24:29
Method: POST
Content-Type: multipart/form-data; boundary=----WebKitFormBoundaryKFpy8E9FtiOSJSDA
POST data: Array
(
    [full_name] => adsfasfd
    [nationality] => البحرین
    [passport_number] => dasfasdf
    [date_of_birth] => 2025-04-22
    [residence_expiry_date] => 2025-04-29
    [phone_number] => 04546565456
    [mobile_number] => 04546565456
    [passport_status] => قيد الانجاز
    [passport_delivery_date] => 2025-05-03
    [transaction_type] => تمديد فيزا
    [payment_status] => pending
    [address] => sdfasdfa
    [zipcode] => 
    [delivered_by] => sadfasf
    [unique_code] => PC-250426-EFYCE4-2144
    [sponsor_name] => 
    [relationship] => 
    [extension_reason] => 
    [barcode] => 
    [signature_data] => 
    [no_signature] => false
    [no_signature_reason] => 
    [email] => hs@gmail.com
)

FILES data: Array
(
    [personal_photo] => Array
        (
            [name] => WhatsApp Image 2025-01-02 at 2.05.13 PM.jpeg
            [full_path] => WhatsApp Image 2025-01-02 at 2.05.13 PM.jpeg
            [type] => image/jpeg
            [tmp_name] => C:\Users\محمد حسن الخزاعى\AppData\Local\Temp\php8FE9.tmp
            [error] => 0
            [size] => 343421
        )

    [passport_photo] => Array
        (
            [name] => WhatsApp Image 2025-01-02 at 2.05.13 PM.jpeg
            [full_path] => WhatsApp Image 2025-01-02 at 2.05.13 PM.jpeg
            [type] => image/jpeg
            [tmp_name] => C:\Users\محمد حسن الخزاعى\AppData\Local\Temp\php8FEA.tmp
            [error] => 0
            [size] => 343421
        )

)

Passport API request received: 2025-04-26 17:25:57
Method: POST
Content-Type: multipart/form-data; boundary=----WebKitFormBoundaryLvwnIIWUvURXzaMA
POST data: Array
(
    [full_name] => dasfasfdasf
    [nationality] => البحرین
    [passport_number] => asadsfdsf
    [date_of_birth] => 2025-04-14
    [residence_expiry_date] => 2025-04-29
    [phone_number] => 04546565456
    [mobile_number] => 04546565456
    [passport_status] => قيد الانجاز
    [passport_delivery_date] => 2025-05-03
    [transaction_type] => خروج مكرر
    [payment_status] => pending
    [address] => dsafasfd
    [zipcode] => 
    [delivered_by] => sadfasf
    [unique_code] => PC-250426-YF3RP8-9464
    [sponsor_name] => 
    [relationship] => 
    [extension_reason] => 
    [barcode] => 
    [signature_data] => 
    [no_signature] => false
    [no_signature_reason] => 
    [email] => hs@gmail.com
)

FILES data: Array
(
    [personal_photo] => Array
        (
            [name] => WhatsApp Image 2025-01-02 at 2.05.13 PM.jpeg
            [full_path] => WhatsApp Image 2025-01-02 at 2.05.13 PM.jpeg
            [type] => image/jpeg
            [tmp_name] => C:\Users\محمد حسن الخزاعى\AppData\Local\Temp\phpE6B3.tmp
            [error] => 0
            [size] => 343421
        )

    [passport_photo] => Array
        (
            [name] => WhatsApp Image 2025-01-02 at 2.05.13 PM.jpeg
            [full_path] => WhatsApp Image 2025-01-02 at 2.05.13 PM.jpeg
            [type] => image/jpeg
            [tmp_name] => C:\Users\محمد حسن الخزاعى\AppData\Local\Temp\phpE6B4.tmp
            [error] => 0
            [size] => 343421
        )

)

Passport API request received: 2025-04-26 17:28:04
Method: POST
Content-Type: multipart/form-data; boundary=----WebKitFormBoundaryoaariucByaWECout
POST data: Array
(
    [full_name] => dasfasfdasf
    [nationality] => البحرین
    [passport_number] => asadsfdsf
    [date_of_birth] => 2025-04-14
    [residence_expiry_date] => 2025-04-29
    [phone_number] => 04546565456
    [mobile_number] => 04546565456
    [passport_status] => قيد الانجاز
    [passport_delivery_date] => 2025-05-03
    [transaction_type] => خروج مكرر
    [payment_status] => pending
    [address] => dsafasfd
    [zipcode] => 
    [delivered_by] => sadfasf
    [unique_code] => PC-250426-YF3RP8-9464
    [sponsor_name] => 
    [relationship] => 
    [extension_reason] => 
    [barcode] => 
    [signature_data] => 
    [no_signature] => false
    [no_signature_reason] => 
    [email] => hs@gmail.com
)

FILES data: Array
(
    [personal_photo] => Array
        (
            [name] => WhatsApp Image 2025-01-02 at 2.05.13 PM.jpeg
            [full_path] => WhatsApp Image 2025-01-02 at 2.05.13 PM.jpeg
            [type] => image/jpeg
            [tmp_name] => C:\Users\محمد حسن الخزاعى\AppData\Local\Temp\phpD71D.tmp
            [error] => 0
            [size] => 343421
        )

    [passport_photo] => Array
        (
            [name] => WhatsApp Image 2025-01-02 at 2.05.13 PM.jpeg
            [full_path] => WhatsApp Image 2025-01-02 at 2.05.13 PM.jpeg
            [type] => image/jpeg
            [tmp_name] => C:\Users\محمد حسن الخزاعى\AppData\Local\Temp\phpD71E.tmp
            [error] => 0
            [size] => 343421
        )

)

Passport API request received: 2025-04-26 17:37:44
Method: POST
Content-Type: multipart/form-data; boundary=----WebKitFormBoundaryLRZDIr8NKuOW5SPV
POST data: Array
(
    [full_name] => dasfasfdasf
    [nationality] => البحرین
    [passport_number] => asadsfdsf
    [date_of_birth] => 2025-04-14
    [residence_expiry_date] => 2025-04-29
    [phone_number] => 04546565456
    [mobile_number] => 04546565456
    [passport_status] => قيد الانجاز
    [passport_delivery_date] => 2025-05-03
    [transaction_type] => خروج مكرر
    [payment_status] => pending
    [address] => dsafasfd
    [zipcode] => 
    [delivered_by] => sadfasf
    [unique_code] => PC-250426-YF3RP8-9464
    [sponsor_name] => 
    [relationship] => 
    [extension_reason] => 
    [barcode] => 
    [signature_data] => 
    [no_signature] => false
    [no_signature_reason] => 
    [email] => hs@gmail.com
)

FILES data: Array
(
    [personal_photo] => Array
        (
            [name] => WhatsApp Image 2025-01-02 at 2.05.13 PM.jpeg
            [full_path] => WhatsApp Image 2025-01-02 at 2.05.13 PM.jpeg
            [type] => image/jpeg
            [tmp_name] => C:\Users\محمد حسن الخزاعى\AppData\Local\Temp\phpB073.tmp
            [error] => 0
            [size] => 343421
        )

    [passport_photo] => Array
        (
            [name] => WhatsApp Image 2025-01-02 at 2.05.13 PM.jpeg
            [full_path] => WhatsApp Image 2025-01-02 at 2.05.13 PM.jpeg
            [type] => image/jpeg
            [tmp_name] => C:\Users\محمد حسن الخزاعى\AppData\Local\Temp\phpB074.tmp
            [error] => 0
            [size] => 343421
        )

)

Passport API request received: 2025-04-27 05:11:42
Method: POST
Content-Type: multipart/form-data; boundary=----WebKitFormBoundaryxTEqyYHAE4ormRWU
POST data: Array
(
    [full_name] => علي المتغوي
    [nationality] => البحرین
    [passport_number] => 22564561
    [date_of_birth] => 2000-04-17
    [residence_expiry_date] => 2025-04-21
    [phone_number] => 09011771008
    [mobile_number] => 09011771088
    [passport_status] => قيد الانجاز
    [passport_delivery_date] => 2646-07-18
    [transaction_type] => تجديد اقامه وخروج مكرر
    [payment_status] => pending
    [address] => قم خيابان سميه كوجه 12 جهاراه اول سمت جب بلاك 59
    [zipcode] => 
    [delivered_by] => احمد جعفر عبدالله كاظم
    [unique_code] => PC-250427-1SX5Z5-8351
    [sponsor_name] => 
    [relationship] => 
    [extension_reason] => 
    [barcode] => 
    [signature_data] => 
    [no_signature] => false
    [no_signature_reason] => 
    [email] => info1@dijlah.org
)

FILES data: Array
(
    [personal_photo] => Array
        (
            [name] => WhatsApp Image 2024-09-11 at 6.56.41 PM.jpeg
            [full_path] => WhatsApp Image 2024-09-11 at 6.56.41 PM.jpeg
            [type] => image/jpeg
            [tmp_name] => C:\Users\محمد حسن الخزاعى\AppData\Local\Temp\phpE350.tmp
            [error] => 0
            [size] => 58091
        )

    [passport_photo] => Array
        (
            [name] => image_2024-09-09_09-06-15.png
            [full_path] => image_2024-09-09_09-06-15.png
            [type] => image/png
            [tmp_name] => C:\Users\محمد حسن الخزاعى\AppData\Local\Temp\phpE351.tmp
            [error] => 0
            [size] => 489002
        )

)

Passport API request received: 2025-05-06 18:04:46
Method: POST
Content-Type: multipart/form-data; boundary=----WebKitFormBoundaryyZ6pSsPSXNOaXuGW
POST data: Array
(
    [full_name] => لاتابلتاىبلتىبل
    [nationality] => امریکا
    [passport_number] => 165166541
    [date_of_birth] => 2025-05-27
    [residence_expiry_date] => 2025-05-06
    [phone_number] => 09011771008
    [mobile_number] => 09011771008
    [passport_status] => قيد الانجاز
    [passport_delivery_date] => 2025-04-29
    [transaction_type] => تمديد فيزا
    [payment_status] => pending
    [address] => التىةلايةليةىلياةلةةبرةىليناىرةلتةيباتايتة
    [zipcode] => 
    [delivered_by] => لبةلبةبلبلةبتةتلةب
    [unique_code] => PC-250506-UDDOT8-4913
    [sponsor_name] => 
    [relationship] => 
    [extension_reason] => 
    [barcode] => 
    [signature_data] => 
    [no_signature] => false
    [no_signature_reason] => 
    [email] => hs@gmail.com
)

FILES data: Array
(
    [personal_photo] => Array
        (
            [name] => WhatsApp Image 2025-01-21 at 1.07.14 PM.jpeg
            [full_path] => WhatsApp Image 2025-01-21 at 1.07.14 PM.jpeg
            [type] => image/jpeg
            [tmp_name] => C:\Users\محمد حسن الخزاعى\AppData\Local\Temp\phpA435.tmp
            [error] => 0
            [size] => 81044
        )

    [passport_photo] => Array
        (
            [name] => علي ماجد.jpeg
            [full_path] => علي ماجد.jpeg
            [type] => image/jpeg
            [tmp_name] => C:\Users\محمد حسن الخزاعى\AppData\Local\Temp\phpA436.tmp
            [error] => 0
            [size] => 75745
        )

)

Passport API request received: 2025-05-12 15:04:08
Method: POST
Content-Type: multipart/form-data; boundary=----WebKitFormBoundaryWsNAl3lsgIBkDS7V
POST data: Array
(
    [full_name] => sadfafdsf
    [nationality] => کندا
    [passport_number] => asdsaf
    [date_of_birth] => 2025-05-05
    [residence_expiry_date] => 2025-05-05
    [phone_number] => 09011771008
    [mobile_number] => 09011771008
    [passport_status] => قيد الانجاز
    [passport_delivery_date] => 2025-05-05
    [transaction_type] => اصدار اقامه وخروج مكرر
    [payment_status] => paid
    [address] => dsafasdfa sadf sd d
    [zipcode] => 
    [delivered_by] => dsafadsfa
    [unique_code] => PC-250512-KCQGXX-5941
    [sponsor_name] => 
    [relationship] => 
    [extension_reason] => 
    [barcode] => 
    [signature_data] => 
    [no_signature] => false
    [no_signature_reason] => 
    [email] => hs@gmail.com
)

FILES data: Array
(
    [personal_photo] => Array
        (
            [name] => WhatsApp Image 2025-01-02 at 2.05.13 PM.jpeg
            [full_path] => WhatsApp Image 2025-01-02 at 2.05.13 PM.jpeg
            [type] => image/jpeg
            [tmp_name] => C:\Users\محمد حسن الخزاعى\AppData\Local\Temp\phpF8DD.tmp
            [error] => 0
            [size] => 343421
        )

    [passport_photo] => Array
        (
            [name] => WhatsApp Image 2025-01-02 at 2.05.13 PM.jpeg
            [full_path] => WhatsApp Image 2025-01-02 at 2.05.13 PM.jpeg
            [type] => image/jpeg
            [tmp_name] => C:\Users\محمد حسن الخزاعى\AppData\Local\Temp\phpF8DE.tmp
            [error] => 0
            [size] => 343421
        )

)

Passport API request received: 2025-05-12 15:55:33
Method: POST
Content-Type: multipart/form-data; boundary=----WebKitFormBoundaryIA4LQHsZ7L8GQEtD
POST data: Array
(
    [full_name] => asdfafds
    [nationality] => بریطانیا
    [passport_number] => asdsadsd
    [date_of_birth] => 2025-05-12
    [residence_expiry_date] => 2025-05-06
    [phone_number] => 09011771008
    [mobile_number] => 09011771008
    [passport_status] => قيد الانجاز
    [passport_delivery_date] => 2025-05-15
    [transaction_type] => اصدار اقامه وخروج مكرر
    [payment_status] => pending
    [address] => sadfafasdfdsf
    [zipcode] => 
    [delivered_by] => dsfaggd
    [unique_code] => PC-250512-5W7V7O-7763
    [sponsor_name] => 
    [relationship] => 
    [extension_reason] => 
    [barcode] => 
    [signature_data] => 
    [no_signature] => false
    [no_signature_reason] => 
    [email] => hs@gmail.com
)

FILES data: Array
(
    [personal_photo] => Array
        (
            [name] => WhatsApp Image 2025-01-02 at 2.05.13 PM.jpeg
            [full_path] => WhatsApp Image 2025-01-02 at 2.05.13 PM.jpeg
            [type] => image/jpeg
            [tmp_name] => C:\Users\محمد حسن الخزاعى\AppData\Local\Temp\phpC59.tmp
            [error] => 0
            [size] => 343421
        )

    [passport_photo] => Array
        (
            [name] => WhatsApp Image 2025-01-02 at 2.05.13 PM.jpeg
            [full_path] => WhatsApp Image 2025-01-02 at 2.05.13 PM.jpeg
            [type] => image/jpeg
            [tmp_name] => C:\Users\محمد حسن الخزاعى\AppData\Local\Temp\phpC5A.tmp
            [error] => 0
            [size] => 343421
        )

)

Passport API request received: 2025-05-12 17:21:36
Method: POST
Content-Type: multipart/form-data; boundary=----WebKitFormBoundaryNQp4VM14kT0uwFwH
POST data: Array
(
    [full_name] => asdfadsf
    [nationality] => بریطانیا
    [passport_number] => 21321656
    [date_of_birth] => 2025-05-19
    [residence_expiry_date] => 2025-04-29
    [phone_number] => 09011771008
    [mobile_number] => 09011771008
    [passport_status] => قيد الانجاز
    [passport_delivery_date] => 2025-05-05
    [transaction_type] => اصدار اقامه وخروج مكرر
    [payment_status] => pending
    [address] => sdfadsf
    [zipcode] => 
    [delivered_by] => fasdfafasd
    [unique_code] => PC-250512-DXACU8-1095
    [sponsor_name] => 
    [relationship] => 
    [extension_reason] => 
    [barcode] => 
    [signature_data] => 
    [no_signature] => false
    [no_signature_reason] => 
    [email] => hs@gmail.com
)

FILES data: Array
(
    [personal_photo] => Array
        (
            [name] => WhatsApp Image 2025-01-02 at 2.05.13 PM.jpeg
            [full_path] => WhatsApp Image 2025-01-02 at 2.05.13 PM.jpeg
            [type] => image/jpeg
            [tmp_name] => C:\Users\محمد حسن الخزاعى\AppData\Local\Temp\phpD290.tmp
            [error] => 0
            [size] => 343421
        )

    [passport_photo] => Array
        (
            [name] => WhatsApp Image 2025-01-02 at 2.05.13 PM.jpeg
            [full_path] => WhatsApp Image 2025-01-02 at 2.05.13 PM.jpeg
            [type] => image/jpeg
            [tmp_name] => C:\Users\محمد حسن الخزاعى\AppData\Local\Temp\phpD291.tmp
            [error] => 0
            [size] => 343421
        )

)

Passport API request received: 2025-05-12 17:28:04
Method: POST
Content-Type: multipart/form-data; boundary=----WebKitFormBoundaryBO1UepiABcVkSzn1
POST data: Array
(
    [full_name] => asdasdasd
    [nationality] => کندا
    [passport_number] => dasdasd
    [date_of_birth] => 2025-05-04
    [residence_expiry_date] => 2025-04-28
    [phone_number] => 09011771008
    [mobile_number] => 09011771008
    [passport_status] => قيد الانجاز
    [passport_delivery_date] => 2025-04-28
    [transaction_type] => اصدار اقامه
    [payment_status] => pending
    [address] => asdfsdfs
    [zipcode] => 
    [delivered_by] => fdasfafd
    [unique_code] => PC-250512-RIUVMS-8887
    [sponsor_name] => 
    [relationship] => 
    [extension_reason] => 
    [barcode] => 
    [signature_data] => 
    [no_signature] => false
    [no_signature_reason] => 
    [email] => hs@gmail.com
)

FILES data: Array
(
    [personal_photo] => Array
        (
            [name] => WhatsApp Image 2025-01-02 at 2.05.13 PM.jpeg
            [full_path] => WhatsApp Image 2025-01-02 at 2.05.13 PM.jpeg
            [type] => image/jpeg
            [tmp_name] => C:\Users\محمد حسن الخزاعى\AppData\Local\Temp\phpC066.tmp
            [error] => 0
            [size] => 343421
        )

    [passport_photo] => Array
        (
            [name] => WhatsApp Image 2025-01-02 at 2.05.13 PM.jpeg
            [full_path] => WhatsApp Image 2025-01-02 at 2.05.13 PM.jpeg
            [type] => image/jpeg
            [tmp_name] => C:\Users\محمد حسن الخزاعى\AppData\Local\Temp\phpC067.tmp
            [error] => 0
            [size] => 343421
        )

)

Passport API request received: 2025-05-12 17:50:21
Method: POST
Content-Type: multipart/form-data; boundary=----WebKitFormBoundary6Fcg6cIQ7F6AEE78
POST data: Array
(
    [full_name] => sdfadsfafs
    [nationality] => الیمن
    [passport_number] => dsfafd
    [date_of_birth] => 2025-05-13
    [residence_expiry_date] => 2025-05-04
    [phone_number] => 09011771008
    [mobile_number] => 09902533971
    [passport_status] => قيد الانجاز
    [passport_delivery_date] => 2025-05-10
    [transaction_type] => تمديد فيزا
    [payment_status] => pending
    [address] => sdfasfdaf
    [zipcode] => 
    [delivered_by] => sadfasdfaf
    [unique_code] => PC-250512-Y5GB25-7999
    [sponsor_name] => 
    [relationship] => 
    [extension_reason] => 
    [barcode] => 
    [signature_data] => 
    [no_signature] => false
    [no_signature_reason] => 
    [email] => hs@gmail.com
)

FILES data: Array
(
    [personal_photo] => Array
        (
            [name] => WhatsApp Image 2025-01-02 at 2.05.13 PM.jpeg
            [full_path] => WhatsApp Image 2025-01-02 at 2.05.13 PM.jpeg
            [type] => image/jpeg
            [tmp_name] => C:\Users\محمد حسن الخزاعى\AppData\Local\Temp\php2453.tmp
            [error] => 0
            [size] => 343421
        )

    [passport_photo] => Array
        (
            [name] => WhatsApp Image 2025-01-02 at 2.05.13 PM.jpeg
            [full_path] => WhatsApp Image 2025-01-02 at 2.05.13 PM.jpeg
            [type] => image/jpeg
            [tmp_name] => C:\Users\محمد حسن الخزاعى\AppData\Local\Temp\php2454.tmp
            [error] => 0
            [size] => 343421
        )

)

Passport API request received: 2025-05-28 18:04:52
Method: POST
Content-Type: multipart/form-data; boundary=----geckoformboundary409476d511b60cfb9221ed95e2e6bd9a
POST data: Array
(
    [full_name] => asasas
    [nationality] => کندا
    [passport_number] => asasas
    [date_of_birth] => 2025-05-05
    [residence_expiry_date] => 2025-06-01
    [phone_number] => w213131231
    [mobile_number] => 65+94954984
    [passport_status] => قيد الانجاز
    [passport_delivery_date] => 2025-05-27
    [transaction_type] => تجديد اقامه
    [payment_status] => pending
    [address] => afsdfadf
    [zipcode] => 
    [delivered_by] => afdsfa ds
    [unique_code] => PC-250528-MSSHHP-5305
    [sponsor_name] => 
    [relationship] => 
    [extension_reason] => 
    [barcode] => 
    [signature_data] => 
    [no_signature] => false
    [no_signature_reason] => 
    [email] => 
)

FILES data: Array
(
    [personal_photo] => Array
        (
            [name] => 179125-sunlight-water-atmosphere-liquid-fluid-3840x2160.jpg
            [full_path] => 179125-sunlight-water-atmosphere-liquid-fluid-3840x2160.jpg
            [type] => image/jpeg
            [tmp_name] => D:\xampp\tmp\php8F83.tmp
            [error] => 0
            [size] => 2145947
        )

    [passport_photo] => Array
        (
            [name] => microsoft-solitaire-3840x2160-22147.jpg
            [full_path] => microsoft-solitaire-3840x2160-22147.jpg
            [type] => image/jpeg
            [tmp_name] => D:\xampp\tmp\php8F84.tmp
            [error] => 0
            [size] => 3657590
        )

)

Passport API request received: 2025-06-07 20:11:35
Method: POST
Content-Type: multipart/form-data; boundary=----geckoformboundary5ad8df7dcdb85b01b9c4fa0bb8428805
POST data: Array
(
    [full_name] => asasas
    [nationality] => امریکا
    [passport_number] => asasas
    [date_of_birth] => 2025-06-09
    [residence_expiry_date] => 2025-06-03
    [phone_number] => 34142142134
    [mobile_number] => 2321423414
    [passport_status] => قيد الانجاز
    [passport_delivery_date] => 2025-06-01
    [transaction_type] => خروج مكرر
    [payment_status] => paid
    [address] => fasfef
    [zipcode] => 
    [delivered_by] => adsfafda
    [unique_code] => PC-250607-4EK37V-2000
    [sponsor_name] => 
    [relationship] => 
    [extension_reason] => 
    [barcode] => 
    [signature_data] => 
    [no_signature] => false
    [no_signature_reason] => 
    [email] => 2314141@afsfda.com
)

FILES data: Array
(
    [personal_photo] => Array
        (
            [name] =>  .jpg
            [full_path] =>  .jpg
            [type] => image/jpeg
            [tmp_name] => /private/var/folders/qd/xh6knw095n345fm8w8c3kxz80000gn/T/php9adn2diltmqqf3hyxoe
            [error] => 0
            [size] => 89777
        )

    [passport_photo] => Array
        (
            [name] =>  .jpg
            [full_path] =>  .jpg
            [type] => image/jpeg
            [tmp_name] => /private/var/folders/qd/xh6knw095n345fm8w8c3kxz80000gn/T/phpcdmrhb5c3j0o2s0Q8Cx
            [error] => 0
            [size] => 89777
        )

)

Passport API request received: 2025-06-07 20:27:35
Method: POST
Content-Type: multipart/form-data; boundary=----geckoformboundary41b59743bdd07cc2ee8f86aeb2e70778
POST data: Array
(
    [full_name] => asasas
    [nationality] => امریکا
    [passport_number] => asasas
    [date_of_birth] => 2025-06-09
    [residence_expiry_date] => 2025-06-03
    [phone_number] => 34142142134
    [mobile_number] => 2321423414
    [passport_status] => قيد الانجاز
    [passport_delivery_date] => 2025-06-01
    [transaction_type] => خروج مكرر
    [payment_status] => paid
    [address] => fasfef
    [zipcode] => 
    [delivered_by] => adsfafda
    [unique_code] => PC-250607-4EK37V-2000
    [sponsor_name] => 
    [relationship] => 
    [extension_reason] => 
    [barcode] => 
    [signature_data] => 
    [no_signature] => false
    [no_signature_reason] => 
    [email] => 2314141@afsfda.com
)

FILES data: Array
(
    [personal_photo] => Array
        (
            [name] =>  .jpg
            [full_path] =>  .jpg
            [type] => image/jpeg
            [tmp_name] => /private/var/folders/qd/xh6knw095n345fm8w8c3kxz80000gn/T/phpq14bgqdl1qsv30Yhy6B
            [error] => 0
            [size] => 89777
        )

    [passport_photo] => Array
        (
            [name] =>  .jpg
            [full_path] =>  .jpg
            [type] => image/jpeg
            [tmp_name] => /private/var/folders/qd/xh6knw095n345fm8w8c3kxz80000gn/T/php9gg7ghl4qvo1ccmkAJw
            [error] => 0
            [size] => 89777
        )

)

Passport API request received: 2025-06-07 20:28:35
Method: POST
Content-Type: multipart/form-data; boundary=----geckoformboundary2d3678acf355ed813fb043ae7c1a3349
POST data: Array
(
    [full_name] => ewwafewfa
    [nationality] => کندا
    [passport_number] => 313123
    [date_of_birth] => 2025-06-16
    [residence_expiry_date] => 2025-06-03
    [phone_number] => 234123414
    [mobile_number] => 24132432143
    [passport_status] => قيد الانجاز
    [passport_delivery_date] => 2025-06-02
    [transaction_type] => تجديد اقامه
    [payment_status] => paid
    [address] => asdfasdf aew
    [zipcode] => 
    [delivered_by] => ewfawf ewff
    [unique_code] => PC-250607-KAEIHM-8969
    [sponsor_name] => 
    [relationship] => 
    [extension_reason] => 
    [barcode] => 
    [signature_data] => 
    [no_signature] => false
    [no_signature_reason] => 
    [email] => hs@sh.com
)

FILES data: Array
(
    [personal_photo] => Array
        (
            [name] =>  .jpg
            [full_path] =>  .jpg
            [type] => image/jpeg
            [tmp_name] => /private/var/folders/qd/xh6knw095n345fm8w8c3kxz80000gn/T/php1vr9sp7m35561uPwM7w
            [error] => 0
            [size] => 89777
        )

    [passport_photo] => Array
        (
            [name] =>  .jpg
            [full_path] =>  .jpg
            [type] => image/jpeg
            [tmp_name] => /private/var/folders/qd/xh6knw095n345fm8w8c3kxz80000gn/T/php4fl4m46rds7peNLBa19
            [error] => 0
            [size] => 89777
        )

)

Passport API request received: 2025-06-07 20:33:09
Method: POST
Content-Type: multipart/form-data; boundary=----geckoformboundaryc8ee96a45b6f5ac6e60a85a0759fe31b
POST data: Array
(
    [full_name] => fadsfafda
    [nationality] => کندا
    [passport_number] => 13515323
    [date_of_birth] => 2025-06-17
    [residence_expiry_date] => 2025-06-10
    [phone_number] => 231413241423
    [mobile_number] => 2341234124
    [passport_status] => قيد الانجاز
    [passport_delivery_date] => 2025-06-09
    [transaction_type] => تمديد فيزا
    [payment_status] => paid
    [address] => asfsdfaf
    [zipcode] => 
    [delivered_by] => asdf ad f
    [unique_code] => PC-250607-2MMS4M-3228
    [sponsor_name] => 
    [relationship] => 
    [extension_reason] => 
    [barcode] => 
    [signature_data] => 
    [no_signature] => false
    [no_signature_reason] => 
    [email] => hs@hs.com
)

FILES data: Array
(
    [personal_photo] => Array
        (
            [name] =>  .jpg
            [full_path] =>  .jpg
            [type] => image/jpeg
            [tmp_name] => /private/var/folders/qd/xh6knw095n345fm8w8c3kxz80000gn/T/php4cv8meocl5fd3OS2Vdr
            [error] => 0
            [size] => 89777
        )

    [passport_photo] => Array
        (
            [name] =>  .jpg
            [full_path] =>  .jpg
            [type] => image/jpeg
            [tmp_name] => /private/var/folders/qd/xh6knw095n345fm8w8c3kxz80000gn/T/php8s1qkos0enmhdrSBFI5
            [error] => 0
            [size] => 89777
        )

)

Passport API request received: 2025-06-08 07:08:07
Method: POST
Content-Type: multipart/form-data; boundary=----geckoformboundary55d1a6072fd6a68964495c7492a1171
POST data: Array
(
    [full_name] => adsfafdsasd
    [nationality] => امریکا
    [passport_number] => 21343241
    [date_of_birth] => 2025-06-09
    [residence_expiry_date] => 2025-06-17
    [phone_number] => 3241414
    [mobile_number] => 3124324
    [passport_status] => قيد الانجاز
    [passport_delivery_date] => 2025-06-09
    [transaction_type] => اصدار اقامه وخروج مكرر
    [payment_status] => paid
    [address] => asfd ewwefawf
    [zipcode] => 
    [delivered_by] => aef ewawe
    [unique_code] => PC-250608-59O7T0-1672
    [sponsor_name] => 
    [relationship] => 
    [extension_reason] => 
    [barcode] => 
    [signature_data] => 
    [no_signature] => false
    [no_signature_reason] => 
    [email] => hs@hs.com
)

FILES data: Array
(
    [personal_photo] => Array
        (
            [name] =>  .jpg
            [full_path] =>  .jpg
            [type] => image/jpeg
            [tmp_name] => /private/var/folders/qd/xh6knw095n345fm8w8c3kxz80000gn/T/phpncq8iekjheho2OrKaWF
            [error] => 0
            [size] => 89777
        )

    [passport_photo] => Array
        (
            [name] =>  -2.jpg
            [full_path] =>  -2.jpg
            [type] => image/jpeg
            [tmp_name] => /private/var/folders/qd/xh6knw095n345fm8w8c3kxz80000gn/T/phpe24h15advo30d8buz4p
            [error] => 0
            [size] => 116657
        )

)

Passport API request received: 2025-06-08 07:12:12
Method: POST
Content-Type: multipart/form-data; boundary=----geckoformboundaryfc67feb2d5e9b8627872cd5fff703fd
POST data: Array
(
    [full_name] => asdfsdfafds
    [nationality] => لبنان
    [passport_number] => 1243124234
    [date_of_birth] => 2025-06-16
    [residence_expiry_date] => 2025-06-09
    [phone_number] => 1231235351
    [mobile_number] => 12342341
    [passport_status] => قيد الانجاز
    [passport_delivery_date] => 2025-06-09
    [transaction_type] => اصدار اقامه وخروج مكرر
    [payment_status] => pending
    [address] => aefaew 323r2
    [zipcode] => 
    [delivered_by] => ewfaefaf
    [unique_code] => PC-250608-5C3LFN-0952
    [sponsor_name] => 
    [relationship] => 
    [extension_reason] => 
    [barcode] => 
    [signature_data] => 
    [no_signature] => false
    [no_signature_reason] => 
    [email] => hs@hs.com
)

FILES data: Array
(
    [personal_photo] => Array
        (
            [name] =>  .jpg
            [full_path] =>  .jpg
            [type] => image/jpeg
            [tmp_name] => /private/var/folders/qd/xh6knw095n345fm8w8c3kxz80000gn/T/phpgs4p5p2348t373vIKg4
            [error] => 0
            [size] => 89777
        )

    [passport_photo] => Array
        (
            [name] =>  -2.jpg
            [full_path] =>  -2.jpg
            [type] => image/jpeg
            [tmp_name] => /private/var/folders/qd/xh6knw095n345fm8w8c3kxz80000gn/T/php7tvk04kstdqa42vYfhn
            [error] => 0
            [size] => 116657
        )

)

Passport API request received: 2025-06-08 07:23:53
Method: POST
Content-Type: multipart/form-data; boundary=----geckoformboundary22514e67088cd4145d617c905afed752
POST data: Array
(
    [full_name] => dsfasdfadsf
    [nationality] => امریکا
    [passport_number] => 1353124
    [date_of_birth] => 2025-06-16
    [residence_expiry_date] => 2025-06-09
    [phone_number] => 24123414
    [mobile_number] => 231324313
    [passport_status] => قيد الانجاز
    [passport_delivery_date] => 2025-06-10
    [transaction_type] => خروج مكرر
    [payment_status] => paid
    [address] => sadfsfdfa weaewfef
    [zipcode] => 
    [delivered_by] => ewfafaew ea fawe
    [unique_code] => PC-250608-AAMJ4R-0525
    [sponsor_name] => 
    [relationship] => 
    [extension_reason] => 
    [barcode] => 
    [signature_data] => 
    [no_signature] => false
    [no_signature_reason] => 
    [email] => hs@hs.com
)

FILES data: Array
(
    [personal_photo] => Array
        (
            [name] =>  .jpg
            [full_path] =>  .jpg
            [type] => image/jpeg
            [tmp_name] => /private/var/folders/qd/xh6knw095n345fm8w8c3kxz80000gn/T/phpb44ernbgdqaecuaOwUZ
            [error] => 0
            [size] => 89777
        )

    [passport_photo] => Array
        (
            [name] =>  -2.jpg
            [full_path] =>  -2.jpg
            [type] => image/jpeg
            [tmp_name] => /private/var/folders/qd/xh6knw095n345fm8w8c3kxz80000gn/T/php9tjn6p3kborl6vF8vOa
            [error] => 0
            [size] => 116657
        )

)

Passport API request received: 2025-06-08 07:43:39
Method: POST
Content-Type: multipart/form-data; boundary=----geckoformboundarybd4ee902465ce9d21d878a9eadda6476
POST data: Array
(
    [full_name] => dsfadfdafs
    [nationality] => امریکا
    [passport_number] => 12341324
    [date_of_birth] => 2025-06-10
    [residence_expiry_date] => 2025-06-10
    [phone_number] => 1432413414
    [mobile_number] => 123412432
    [passport_status] => قيد الانجاز
    [passport_delivery_date] => 2025-06-15
    [transaction_type] => تمديد فيزا
    [payment_status] => paid
    [address] => asdfasfadsf asd fa dsa
    [zipcode] => 
    [delivered_by] => ewfawefaef
    [unique_code] => PC-250608-6S4CRF-1462
    [sponsor_name] => 
    [relationship] => 
    [extension_reason] => 
    [barcode] => 
    [signature_data] => 
    [no_signature] => false
    [no_signature_reason] => 
    [email] => hs@hs.com
)

FILES data: Array
(
    [personal_photo] => Array
        (
            [name] =>  .jpg
            [full_path] =>  .jpg
            [type] => image/jpeg
            [tmp_name] => /private/var/folders/qd/xh6knw095n345fm8w8c3kxz80000gn/T/phpaqtkmmv352fraCk4b8i
            [error] => 0
            [size] => 89777
        )

    [passport_photo] => Array
        (
            [name] =>  -2.jpg
            [full_path] =>  -2.jpg
            [type] => image/jpeg
            [tmp_name] => /private/var/folders/qd/xh6knw095n345fm8w8c3kxz80000gn/T/phpmchai5blikl55KUCWmY
            [error] => 0
            [size] => 116657
        )

)

