Error in passport-api.php: 2025-04-26 17:25:57
Error: SQLSTATE[01000]: Warning: 1265 Data truncated for column 'transaction_type' at row 1 (Connection: mysql, SQL: insert into `passports` (`full_name`, `nationality`, `passport_number`, `date_of_birth`, `residence_expiry_date`, `phone_number`, `mobile_number`, `passport_status`, `passport_delivery_date`, `transaction_type`, `payment_status`, `delivered_by`, `address`, `zipcode`, `email`, `unique_code`, `personal_photo`, `passport_photo`, `sponsor_name`, `relationship`, `extension_reason`, `barcode`, `signature_data`, `no_signature`, `no_signature_reason`, `created_at`, `updated_at`) values (dasfasfdasf, البحرین, asadsfdsf, 2025-04-14, 2025-04-29, 04546565456, 04546565456, قيد الانجاز, 2025-05-03, خروج مكرر, pending, sadfasf, dsafasfd, , hs@gmail.com, PC-250426-YF3RP8-9464, photos/personal_1745688357_WhatsApp Image 2025-01-02 at 2.05.13 PM.jpeg, photos/passport_1745688357_WhatsApp Image 2025-01-02 at 2.05.13 PM.jpeg, , , , , , 1, , 2025-04-26 17:25:57, 2025-04-26 17:25:57))
File: C:\xampp\htdocs\main\reality360d-backend-main\vendor\laravel\framework\src\Illuminate\Database\Connection.php Line: 825
Trace: #0 C:\xampp\htdocs\main\reality360d-backend-main\vendor\laravel\framework\src\Illuminate\Database\Connection.php(779): Illuminate\Database\Connection->runQueryCallback()
#1 C:\xampp\htdocs\main\reality360d-backend-main\vendor\laravel\framework\src\Illuminate\Database\MySqlConnection.php(42): Illuminate\Database\Connection->run()
#2 C:\xampp\htdocs\main\reality360d-backend-main\vendor\laravel\framework\src\Illuminate\Database\Query\Processors\MySqlProcessor.php(35): Illuminate\Database\MySqlConnection->insert()
#3 C:\xampp\htdocs\main\reality360d-backend-main\vendor\laravel\framework\src\Illuminate\Database\Query\Builder.php(3766): Illuminate\Database\Query\Processors\MySqlProcessor->processInsertGetId()
#4 C:\xampp\htdocs\main\reality360d-backend-main\public\passport-api.php(112): Illuminate\Database\Query\Builder->insertGetId()
#5 {main}
Error in passport-api.php: 2025-04-26 17:28:04
Error: SQLSTATE[01000]: Warning: 1265 Data truncated for column 'transaction_type' at row 1 (Connection: mysql, SQL: insert into `passports` (`full_name`, `nationality`, `passport_number`, `date_of_birth`, `residence_expiry_date`, `phone_number`, `mobile_number`, `passport_status`, `passport_delivery_date`, `transaction_type`, `payment_status`, `delivered_by`, `address`, `zipcode`, `email`, `unique_code`, `personal_photo`, `passport_photo`, `sponsor_name`, `relationship`, `extension_reason`, `barcode`, `signature_data`, `no_signature`, `no_signature_reason`, `created_at`, `updated_at`) values (dasfasfdasf, البحرین, asadsfdsf, 2025-04-14, 2025-04-29, 04546565456, 04546565456, قيد الانجاز, 2025-05-03, خروج مكرر, pending, sadfasf, dsafasfd, , hs@gmail.com, PC-250426-YF3RP8-9464, photos/personal_1745688484_WhatsApp Image 2025-01-02 at 2.05.13 PM.jpeg, photos/passport_1745688484_WhatsApp Image 2025-01-02 at 2.05.13 PM.jpeg, , , , , , 1, , 2025-04-26 17:28:04, 2025-04-26 17:28:04))
File: C:\xampp\htdocs\main\reality360d-backend-main\vendor\laravel\framework\src\Illuminate\Database\Connection.php Line: 825
Trace: #0 C:\xampp\htdocs\main\reality360d-backend-main\vendor\laravel\framework\src\Illuminate\Database\Connection.php(779): Illuminate\Database\Connection->runQueryCallback()
#1 C:\xampp\htdocs\main\reality360d-backend-main\vendor\laravel\framework\src\Illuminate\Database\MySqlConnection.php(42): Illuminate\Database\Connection->run()
#2 C:\xampp\htdocs\main\reality360d-backend-main\vendor\laravel\framework\src\Illuminate\Database\Query\Processors\MySqlProcessor.php(35): Illuminate\Database\MySqlConnection->insert()
#3 C:\xampp\htdocs\main\reality360d-backend-main\vendor\laravel\framework\src\Illuminate\Database\Query\Builder.php(3766): Illuminate\Database\Query\Processors\MySqlProcessor->processInsertGetId()
#4 C:\xampp\htdocs\main\reality360d-backend-main\public\passport-api.php(112): Illuminate\Database\Query\Builder->insertGetId()
#5 {main}
Error in passport-api.php: 2025-05-28 18:04:52
Error: SQLSTATE[01000]: Warning: 1265 Data truncated for column 'transaction_type' at row 1 (Connection: mysql, SQL: insert into `passports` (`full_name`, `nationality`, `passport_number`, `date_of_birth`, `residence_expiry_date`, `phone_number`, `mobile_number`, `passport_status`, `passport_delivery_date`, `transaction_type`, `payment_status`, `delivered_by`, `address`, `zipcode`, `email`, `unique_code`, `personal_photo`, `passport_photo`, `sponsor_name`, `relationship`, `extension_reason`, `barcode`, `signature_data`, `no_signature`, `no_signature_reason`, `created_at`, `updated_at`) values (asasas, کندا, asasas, 2025-05-05, 2025-06-01, w213131231, 65+94954984, قيد الانجاز, 2025-05-27, تجديد اقامه, pending, afdsfa ds, afsdfadf, , , PC-250528-MSSHHP-5305, photos/personal_1748455492_179125-sunlight-water-atmosphere-liquid-fluid-3840x2160.jpg, photos/passport_1748455492_microsoft-solitaire-3840x2160-22147.jpg, , , , , , 1, , 2025-05-28 18:04:52, 2025-05-28 18:04:52))
File: D:\xampp\htdocs\pass-system-sms\reality360d-backend-main\vendor\laravel\framework\src\Illuminate\Database\Connection.php Line: 825
Trace: #0 D:\xampp\htdocs\pass-system-sms\reality360d-backend-main\vendor\laravel\framework\src\Illuminate\Database\Connection.php(779): Illuminate\Database\Connection->runQueryCallback('insert into `pa...', Array, Object(Closure))
#1 D:\xampp\htdocs\pass-system-sms\reality360d-backend-main\vendor\laravel\framework\src\Illuminate\Database\MySqlConnection.php(42): Illuminate\Database\Connection->run('insert into `pa...', Array, Object(Closure))
#2 D:\xampp\htdocs\pass-system-sms\reality360d-backend-main\vendor\laravel\framework\src\Illuminate\Database\Query\Processors\MySqlProcessor.php(35): Illuminate\Database\MySqlConnection->insert('insert into `pa...', Array, NULL)
#3 D:\xampp\htdocs\pass-system-sms\reality360d-backend-main\vendor\laravel\framework\src\Illuminate\Database\Query\Builder.php(3766): Illuminate\Database\Query\Processors\MySqlProcessor->processInsertGetId(Object(Illuminate\Database\Query\Builder), 'insert into `pa...', Array, NULL)
#4 D:\xampp\htdocs\pass-system-sms\reality360d-backend-main\public\passport-api.php(112): Illuminate\Database\Query\Builder->insertGetId(Array)
#5 {main}
Error in passport-api.php: 2025-06-07 20:11:35
Error: SQLSTATE[01000]: Warning: 1265 Data truncated for column 'transaction_type' at row 1 (Connection: mysql, SQL: insert into `passports` (`full_name`, `nationality`, `passport_number`, `date_of_birth`, `residence_expiry_date`, `phone_number`, `mobile_number`, `passport_status`, `passport_delivery_date`, `transaction_type`, `payment_status`, `delivered_by`, `address`, `zipcode`, `email`, `unique_code`, `personal_photo`, `passport_photo`, `sponsor_name`, `relationship`, `extension_reason`, `barcode`, `signature_data`, `no_signature`, `no_signature_reason`, `created_at`, `updated_at`) values (asasas, امریکا, asasas, 2025-06-09, 2025-06-03, 34142142134, 2321423414, قيد الانجاز, 2025-06-01, خروج مكرر, paid, adsfafda, fasfef, , 2314141@afsfda.com, PC-250607-4EK37V-2000, photos/personal_1749327095_ .jpg, photos/passport_1749327095_ .jpg, , , , , , 1, , 2025-06-07 20:11:35, 2025-06-07 20:11:35))
File: /Applications/MAMP/htdocs/pass-system-sms/reality360d-backend-main/vendor/laravel/framework/src/Illuminate/Database/Connection.php Line: 825
Trace: #0 /Applications/MAMP/htdocs/pass-system-sms/reality360d-backend-main/vendor/laravel/framework/src/Illuminate/Database/Connection.php(779): Illuminate\Database\Connection->runQueryCallback('insert into `pa...', Array, Object(Closure))
#1 /Applications/MAMP/htdocs/pass-system-sms/reality360d-backend-main/vendor/laravel/framework/src/Illuminate/Database/MySqlConnection.php(42): Illuminate\Database\Connection->run('insert into `pa...', Array, Object(Closure))
#2 /Applications/MAMP/htdocs/pass-system-sms/reality360d-backend-main/vendor/laravel/framework/src/Illuminate/Database/Query/Processors/MySqlProcessor.php(35): Illuminate\Database\MySqlConnection->insert('insert into `pa...', Array, NULL)
#3 /Applications/MAMP/htdocs/pass-system-sms/reality360d-backend-main/vendor/laravel/framework/src/Illuminate/Database/Query/Builder.php(3766): Illuminate\Database\Query\Processors\MySqlProcessor->processInsertGetId(Object(Illuminate\Database\Query\Builder), 'insert into `pa...', Array, NULL)
#4 /Applications/MAMP/htdocs/pass-system-sms/reality360d-backend-main/public/passport-api.php(112): Illuminate\Database\Query\Builder->insertGetId(Array)
#5 {main}
